<?xml version="1.0" encoding="UTF-8"?>
<!-- Generated by org.testng.reporters.JUnitXMLReporter -->
<testsuite ignored="0" hostname="L-C02GG2AEQ6LT" failures="0" tests="12" name="Surefire test" time="161.429" errors="0" timestamp="2024-08-18T09:57:34 IST">
  <testcase classname="org.selenium.pom.tests.NavigationTest" name="NavigateFromHomeToStoreUsingMainMenu" time="18.121"/>
  <testcase classname="org.selenium.pom.tests.SearchTest" name="SearchWithPartialTest" time="24.518"/>
  <testcase classname="org.selenium.pom.tests.AddToCartTest" name="addToCartFeaturedProduct" time="29.556"/>
  <testcase classname="org.selenium.pom.tests.AddToCartTest" name="addToCartFeaturedProduct" time="33.271"/>
  <testcase classname="org.selenium.pom.tests.AddToCartTest" name="addToCartFeaturedProduct" time="30.675"/>
  <testcase classname="org.selenium.pom.tests.LoginTest" name="loginDuringCheckOut" time="74.525"/>
  <testcase classname="org.selenium.pom.tests.AddToCartTest" name="addToCartFromStorePage" time="30.814"/>
  <testcase classname="org.selenium.pom.tests.AddToCartTest" name="addToCartProductFromStore" time="53.796"/>
  <testcase classname="org.selenium.pom.tests.CheckOutTest" name="loginAndCheckOutUsingDirectBankTransfer" time="113.997"/>
  <testcase classname="org.selenium.pom.tests.CheckOutTest" name="guestCheckOutUsingDirectBankTransfer" time="106.139"/>
  <testcase classname="org.selenium.pom.tests.MyFirstTestCase" name="guestUserAndCheckoutUsingDirectBankTransfer" time="74.143"/>
  <testcase classname="org.selenium.pom.tests.MyFirstTestCase" name="loginAndCheckoutUsingDirectBankTransfer" time="66.477"/>
</testsuite> <!-- Surefire test -->
