<?xml version="1.0" encoding="UTF-8"?>
<!-- Generated by org.testng.reporters.JUnitXMLReporter -->
<testsuite ignored="0" hostname="Sunils-MacBook-Pro.local" failures="0" tests="10" name="Regression1" time="18.686" errors="0" timestamp="2026-01-11T17:05:13 IST">
  <testcase classname="org.selenium.pom.tests.AddToCartTest" name="addToCartProductFromStore" time="4.951"/>
  <testcase classname="org.selenium.pom.tests.AddToCartTest" name="addToCartFromStorePage" time="5.05"/>
  <testcase classname="org.selenium.pom.tests.AddToCartTest" name="addToCartFeaturedProduct" time="5.062"/>
  <testcase classname="org.selenium.pom.tests.AddToCartTest" name="addToCartFeaturedProduct" time="4.028"/>
  <testcase classname="org.selenium.pom.tests.SearchTest" name="SearchWithPartialTest" time="3.544"/>
  <testcase classname="org.selenium.pom.tests.SearchTest" name="dummytest3" time="0.003"/>
  <testcase classname="org.selenium.pom.tests.CheckOutTest" name="loginAndCheckOutUsingDirectBankTransfer" time="13.654"/>
  <testcase classname="org.selenium.pom.tests.LoginTest" name="loginDuringCheckOut" time="9.857"/>
  <testcase classname="org.selenium.pom.tests.CheckOutTest" name="guestCheckOutUsingDirectBankTransfer" time="10.138"/>
  <testcase classname="org.selenium.pom.tests.AddToCartTest" name="addToCartFeaturedProduct" time="4.186"/>
</testsuite> <!-- Regression1 -->
