<?xml version="1.0" encoding="UTF-8"?>
<!-- Generated by org.testng.reporters.JUnitXMLReporter -->
<testsuite ignored="0" hostname="Sunils-MacBook-Pro.local" failures="0" tests="10" name="Regression1" time="25.043" errors="0" timestamp="2026-01-06T20:55:46 IST">
  <testcase classname="org.selenium.pom.tests.AddToCartTest" name="addToCartProductFromStore" time="5.895"/>
  <testcase classname="org.selenium.pom.tests.AddToCartTest" name="addToCartFeaturedProduct" time="5.891"/>
  <testcase classname="org.selenium.pom.tests.AddToCartTest" name="addToCartFeaturedProduct" time="6.027"/>
  <testcase classname="org.selenium.pom.tests.AddToCartTest" name="addToCartFeaturedProduct" time="4.928"/>
  <testcase classname="org.selenium.pom.tests.LoginTest" name="loginDuringCheckOut" time="11.439"/>
  <testcase classname="org.selenium.pom.tests.AddToCartTest" name="addToCartFromStorePage" time="5.335"/>
  <testcase classname="org.selenium.pom.tests.SearchTest" name="dummytest3" time="0.0"/>
  <testcase classname="org.selenium.pom.tests.SearchTest" name="SearchWithPartialTest" time="3.257"/>
  <testcase classname="org.selenium.pom.tests.CheckOutTest" name="guestCheckOutUsingDirectBankTransfer" time="13.097"/>
  <testcase classname="org.selenium.pom.tests.CheckOutTest" name="loginAndCheckOutUsingDirectBankTransfer" time="10.809"/>
</testsuite> <!-- Regression1 -->
