<?xml version="1.0" encoding="UTF-8"?>
<testng-results ignored="0" total="10" passed="10" failed="0" skipped="0">
  <reporter-output>
  </reporter-output>
  <suite started-at="2025-09-20T18:27:06 IST" name="Suite1" finished-at="2025-09-20T18:27:21 IST" duration-ms="14414">
    <groups>
    </groups>
    <test started-at="2025-09-20T18:27:06 IST" name="Regression1" finished-at="2025-09-20T18:27:21 IST" duration-ms="14414">
      <class name="org.selenium.pom.tests.SearchTest">
        <test-method is-config="true" signature="startDriver(java.lang.String)[pri:0, instance:org.selenium.pom.tests.SearchTest@57fbc06f]" started-at="2025-09-20T18:27:15 IST" name="startDriver" finished-at="2025-09-20T18:27:15 IST" duration-ms="186" status="PASS">
          <params>
            <param index="0">
              <value>
                <![CDATA[CHROME]]>
              </value>
            </param>
          </params>
          <reporter-output>
          </reporter-output>
        </test-method> <!-- startDriver -->
        <test-method signature="SearchWithPartialTest()[pri:0, instance:org.selenium.pom.tests.SearchTest@57fbc06f]" started-at="2025-09-20T18:27:15 IST" name="SearchWithPartialTest" finished-at="2025-09-20T18:27:17 IST" duration-ms="1701" status="PASS">
          <reporter-output>
          </reporter-output>
        </test-method> <!-- SearchWithPartialTest -->
        <test-method is-config="true" signature="startDriver(java.lang.String)[pri:0, instance:org.selenium.pom.tests.SearchTest@57fbc06f]" started-at="2025-09-20T18:27:16 IST" name="startDriver" finished-at="2025-09-20T18:27:16 IST" duration-ms="173" status="PASS">
          <params>
            <param index="0">
              <value>
                <![CDATA[CHROME]]>
              </value>
            </param>
          </params>
          <reporter-output>
          </reporter-output>
        </test-method> <!-- startDriver -->
        <test-method signature="dummytest3()[pri:0, instance:org.selenium.pom.tests.SearchTest@57fbc06f]" started-at="2025-09-20T18:27:16 IST" name="dummytest3" finished-at="2025-09-20T18:27:16 IST" duration-ms="1" status="PASS">
          <reporter-output>
          </reporter-output>
        </test-method> <!-- dummytest3 -->
        <test-method is-config="true" signature="quitDriver(java.lang.String,org.testng.ITestResult)[pri:0, instance:org.selenium.pom.tests.SearchTest@57fbc06f]" started-at="2025-09-20T18:27:16 IST" name="quitDriver" finished-at="2025-09-20T18:27:16 IST" duration-ms="67" status="PASS">
          <params>
            <param index="0">
              <value>
                <![CDATA[CHROME]]>
              </value>
            </param>
            <param index="1">
              <value>
                <![CDATA[[TestResult name=dummytest3 status=SUCCESS method=SearchTest.dummytest3()[pri:0, instance:org.selenium.pom.tests.SearchTest@57fbc06f] output={null}]]]>
              </value>
            </param>
          </params>
          <reporter-output>
          </reporter-output>
        </test-method> <!-- quitDriver -->
        <test-method is-config="true" signature="quitDriver(java.lang.String,org.testng.ITestResult)[pri:0, instance:org.selenium.pom.tests.SearchTest@57fbc06f]" started-at="2025-09-20T18:27:17 IST" name="quitDriver" finished-at="2025-09-20T18:27:17 IST" duration-ms="70" status="PASS">
          <params>
            <param index="0">
              <value>
                <![CDATA[CHROME]]>
              </value>
            </param>
            <param index="1">
              <value>
                <![CDATA[[TestResult name=SearchWithPartialTest status=SUCCESS method=SearchTest.SearchWithPartialTest()[pri:0, instance:org.selenium.pom.tests.SearchTest@57fbc06f] output={null}]]]>
              </value>
            </param>
          </params>
          <reporter-output>
          </reporter-output>
        </test-method> <!-- quitDriver -->
      </class> <!-- org.selenium.pom.tests.SearchTest -->
      <class name="org.selenium.pom.tests.AddToCartTest">
        <test-method is-config="true" signature="startDriver(java.lang.String)[pri:0, instance:org.selenium.pom.tests.AddToCartTest@3f018494]" started-at="2025-09-20T18:27:06 IST" name="startDriver" finished-at="2025-09-20T18:27:07 IST" duration-ms="995" status="PASS">
          <params>
            <param index="0">
              <value>
                <![CDATA[CHROME]]>
              </value>
            </param>
          </params>
          <reporter-output>
          </reporter-output>
        </test-method> <!-- startDriver -->
        <test-method is-config="true" signature="startDriver(java.lang.String)[pri:0, instance:org.selenium.pom.tests.AddToCartTest@3f018494]" started-at="2025-09-20T18:27:07 IST" name="startDriver" finished-at="2025-09-20T18:27:08 IST" duration-ms="1501" status="PASS">
          <params>
            <param index="0">
              <value>
                <![CDATA[CHROME]]>
              </value>
            </param>
          </params>
          <reporter-output>
          </reporter-output>
        </test-method> <!-- startDriver -->
        <test-method is-config="true" signature="startDriver(java.lang.String)[pri:0, instance:org.selenium.pom.tests.AddToCartTest@3f018494]" started-at="2025-09-20T18:27:07 IST" name="startDriver" finished-at="2025-09-20T18:27:08 IST" duration-ms="1147" status="PASS">
          <params>
            <param index="0">
              <value>
                <![CDATA[CHROME]]>
              </value>
            </param>
          </params>
          <reporter-output>
          </reporter-output>
        </test-method> <!-- startDriver -->
        <test-method is-config="true" signature="startDriver(java.lang.String)[pri:0, instance:org.selenium.pom.tests.AddToCartTest@3f018494]" started-at="2025-09-20T18:27:07 IST" name="startDriver" finished-at="2025-09-20T18:27:09 IST" duration-ms="2247" status="PASS">
          <params>
            <param index="0">
              <value>
                <![CDATA[CHROME]]>
              </value>
            </param>
          </params>
          <reporter-output>
          </reporter-output>
        </test-method> <!-- startDriver -->
        <test-method is-config="true" signature="startDriver(java.lang.String)[pri:0, instance:org.selenium.pom.tests.AddToCartTest@3f018494]" started-at="2025-09-20T18:27:07 IST" name="startDriver" finished-at="2025-09-20T18:27:09 IST" duration-ms="1936" status="PASS">
          <params>
            <param index="0">
              <value>
                <![CDATA[CHROME]]>
              </value>
            </param>
          </params>
          <reporter-output>
          </reporter-output>
        </test-method> <!-- startDriver -->
        <test-method signature="addToCartFromStorePage()[pri:0, instance:org.selenium.pom.tests.AddToCartTest@3f018494]" started-at="2025-09-20T18:27:07 IST" name="addToCartFromStorePage" finished-at="2025-09-20T18:27:16 IST" duration-ms="8692" status="PASS">
          <reporter-output>
          </reporter-output>
        </test-method> <!-- addToCartFromStorePage -->
        <test-method signature="addToCartProductFromStore(java.util.List)[pri:0, instance:org.selenium.pom.tests.AddToCartTest@3f018494]" started-at="2025-09-20T18:27:08 IST" name="addToCartProductFromStore" data-provider="getProducts" finished-at="2025-09-20T18:27:15 IST" duration-ms="7395" status="PASS">
          <params>
            <param index="0">
              <value>
                <![CDATA[[org.selenium.pom.objects.StoreProducts@242f465e, org.selenium.pom.objects.StoreProducts@4439306, org.selenium.pom.objects.StoreProducts@3c2547fa, org.selenium.pom.objects.StoreProducts@6cf9ef02, org.selenium.pom.objects.StoreProducts@32ba5975]]]>
              </value>
            </param>
          </params>
          <reporter-output>
          </reporter-output>
        </test-method> <!-- addToCartProductFromStore -->
        <test-method signature="addToCartFeaturedProduct(org.selenium.pom.objects.Products)[pri:0, instance:org.selenium.pom.tests.AddToCartTest@3f018494]" started-at="2025-09-20T18:27:08 IST" name="addToCartFeaturedProduct" data-provider="getFeaturedProducts" finished-at="2025-09-20T18:27:16 IST" duration-ms="7606" status="PASS">
          <params>
            <param index="0">
              <value>
                <![CDATA[org.selenium.pom.objects.Products@1c041fb0]]>
              </value>
            </param>
          </params>
          <reporter-output>
          </reporter-output>
        </test-method> <!-- addToCartFeaturedProduct -->
        <test-method signature="addToCartFeaturedProduct(org.selenium.pom.objects.Products)[pri:0, instance:org.selenium.pom.tests.AddToCartTest@3f018494]" started-at="2025-09-20T18:27:09 IST" name="addToCartFeaturedProduct" data-provider="getFeaturedProducts" finished-at="2025-09-20T18:27:16 IST" duration-ms="6989" status="PASS">
          <params>
            <param index="0">
              <value>
                <![CDATA[org.selenium.pom.objects.Products@53283f10]]>
              </value>
            </param>
          </params>
          <reporter-output>
          </reporter-output>
        </test-method> <!-- addToCartFeaturedProduct -->
        <test-method signature="addToCartFeaturedProduct(org.selenium.pom.objects.Products)[pri:0, instance:org.selenium.pom.tests.AddToCartTest@3f018494]" started-at="2025-09-20T18:27:09 IST" name="addToCartFeaturedProduct" data-provider="getFeaturedProducts" finished-at="2025-09-20T18:27:16 IST" duration-ms="7252" status="PASS">
          <params>
            <param index="0">
              <value>
                <![CDATA[org.selenium.pom.objects.Products@7e4d25fc]]>
              </value>
            </param>
          </params>
          <reporter-output>
          </reporter-output>
        </test-method> <!-- addToCartFeaturedProduct -->
        <test-method is-config="true" signature="quitDriver(java.lang.String,org.testng.ITestResult)[pri:0, instance:org.selenium.pom.tests.AddToCartTest@3f018494]" started-at="2025-09-20T18:27:15 IST" name="quitDriver" finished-at="2025-09-20T18:27:15 IST" duration-ms="81" status="PASS">
          <params>
            <param index="0">
              <value>
                <![CDATA[CHROME]]>
              </value>
            </param>
            <param index="1">
              <value>
                <![CDATA[[TestResult name=addToCartProductFromStore status=SUCCESS method=AddToCartTest.addToCartProductFromStore(java.util.List)[pri:0, instance:org.selenium.pom.tests.AddToCartTest@3f018494] output={null}]]]>
              </value>
            </param>
          </params>
          <reporter-output>
          </reporter-output>
        </test-method> <!-- quitDriver -->
        <test-method is-config="true" signature="quitDriver(java.lang.String,org.testng.ITestResult)[pri:0, instance:org.selenium.pom.tests.AddToCartTest@3f018494]" started-at="2025-09-20T18:27:16 IST" name="quitDriver" finished-at="2025-09-20T18:27:16 IST" duration-ms="70" status="PASS">
          <params>
            <param index="0">
              <value>
                <![CDATA[CHROME]]>
              </value>
            </param>
            <param index="1">
              <value>
                <![CDATA[[TestResult name=addToCartFeaturedProduct status=SUCCESS method=AddToCartTest.addToCartFeaturedProduct(org.selenium.pom.objects.Products)[pri:0, instance:org.selenium.pom.tests.AddToCartTest@3f018494] output={null}]]]>
              </value>
            </param>
          </params>
          <reporter-output>
          </reporter-output>
        </test-method> <!-- quitDriver -->
        <test-method is-config="true" signature="quitDriver(java.lang.String,org.testng.ITestResult)[pri:0, instance:org.selenium.pom.tests.AddToCartTest@3f018494]" started-at="2025-09-20T18:27:16 IST" name="quitDriver" finished-at="2025-09-20T18:27:16 IST" duration-ms="71" status="PASS">
          <params>
            <param index="0">
              <value>
                <![CDATA[CHROME]]>
              </value>
            </param>
            <param index="1">
              <value>
                <![CDATA[[TestResult name=addToCartFeaturedProduct status=SUCCESS method=AddToCartTest.addToCartFeaturedProduct(org.selenium.pom.objects.Products)[pri:0, instance:org.selenium.pom.tests.AddToCartTest@3f018494] output={null}]]]>
              </value>
            </param>
          </params>
          <reporter-output>
          </reporter-output>
        </test-method> <!-- quitDriver -->
        <test-method is-config="true" signature="quitDriver(java.lang.String,org.testng.ITestResult)[pri:0, instance:org.selenium.pom.tests.AddToCartTest@3f018494]" started-at="2025-09-20T18:27:16 IST" name="quitDriver" finished-at="2025-09-20T18:27:16 IST" duration-ms="70" status="PASS">
          <params>
            <param index="0">
              <value>
                <![CDATA[CHROME]]>
              </value>
            </param>
            <param index="1">
              <value>
                <![CDATA[[TestResult name=addToCartFeaturedProduct status=SUCCESS method=AddToCartTest.addToCartFeaturedProduct(org.selenium.pom.objects.Products)[pri:0, instance:org.selenium.pom.tests.AddToCartTest@3f018494] output={null}]]]>
              </value>
            </param>
          </params>
          <reporter-output>
          </reporter-output>
        </test-method> <!-- quitDriver -->
        <test-method is-config="true" signature="quitDriver(java.lang.String,org.testng.ITestResult)[pri:0, instance:org.selenium.pom.tests.AddToCartTest@3f018494]" started-at="2025-09-20T18:27:16 IST" name="quitDriver" finished-at="2025-09-20T18:27:16 IST" duration-ms="102" status="PASS">
          <params>
            <param index="0">
              <value>
                <![CDATA[CHROME]]>
              </value>
            </param>
            <param index="1">
              <value>
                <![CDATA[[TestResult name=addToCartFromStorePage status=SUCCESS method=AddToCartTest.addToCartFromStorePage()[pri:0, instance:org.selenium.pom.tests.AddToCartTest@3f018494] output={null}]]]>
              </value>
            </param>
          </params>
          <reporter-output>
          </reporter-output>
        </test-method> <!-- quitDriver -->
      </class> <!-- org.selenium.pom.tests.AddToCartTest -->
      <class name="org.selenium.pom.tests.LoginTest">
        <test-method is-config="true" signature="startDriver(java.lang.String)[pri:0, instance:org.selenium.pom.tests.LoginTest@5a8c93]" started-at="2025-09-20T18:27:06 IST" name="startDriver" finished-at="2025-09-20T18:27:07 IST" duration-ms="995" status="PASS">
          <params>
            <param index="0">
              <value>
                <![CDATA[CHROME]]>
              </value>
            </param>
          </params>
          <reporter-output>
          </reporter-output>
        </test-method> <!-- startDriver -->
        <test-method signature="loginDuringCheckOut()[pri:0, instance:org.selenium.pom.tests.LoginTest@5a8c93]" started-at="2025-09-20T18:27:07 IST" name="loginDuringCheckOut" finished-at="2025-09-20T18:27:18 IST" duration-ms="11049" status="PASS">
          <reporter-output>
          </reporter-output>
        </test-method> <!-- loginDuringCheckOut -->
        <test-method is-config="true" signature="quitDriver(java.lang.String,org.testng.ITestResult)[pri:0, instance:org.selenium.pom.tests.LoginTest@5a8c93]" started-at="2025-09-20T18:27:18 IST" name="quitDriver" finished-at="2025-09-20T18:27:19 IST" duration-ms="69" status="PASS">
          <params>
            <param index="0">
              <value>
                <![CDATA[CHROME]]>
              </value>
            </param>
            <param index="1">
              <value>
                <![CDATA[[TestResult name=loginDuringCheckOut status=SUCCESS method=LoginTest.loginDuringCheckOut()[pri:0, instance:org.selenium.pom.tests.LoginTest@5a8c93] output={null}]]]>
              </value>
            </param>
          </params>
          <reporter-output>
          </reporter-output>
        </test-method> <!-- quitDriver -->
      </class> <!-- org.selenium.pom.tests.LoginTest -->
      <class name="org.selenium.pom.tests.CheckOutTest">
        <test-method is-config="true" signature="startDriver(java.lang.String)[pri:0, instance:org.selenium.pom.tests.CheckOutTest@3ce443f9]" started-at="2025-09-20T18:27:06 IST" name="startDriver" finished-at="2025-09-20T18:27:08 IST" duration-ms="1334" status="PASS">
          <params>
            <param index="0">
              <value>
                <![CDATA[CHROME]]>
              </value>
            </param>
          </params>
          <reporter-output>
          </reporter-output>
        </test-method> <!-- startDriver -->
        <test-method is-config="true" signature="startDriver(java.lang.String)[pri:0, instance:org.selenium.pom.tests.CheckOutTest@3ce443f9]" started-at="2025-09-20T18:27:06 IST" name="startDriver" finished-at="2025-09-20T18:27:07 IST" duration-ms="995" status="PASS">
          <params>
            <param index="0">
              <value>
                <![CDATA[CHROME]]>
              </value>
            </param>
          </params>
          <reporter-output>
          </reporter-output>
        </test-method> <!-- startDriver -->
        <test-method signature="loginAndCheckOutUsingDirectBankTransfer()[pri:0, instance:org.selenium.pom.tests.CheckOutTest@3ce443f9]" started-at="2025-09-20T18:27:07 IST" name="loginAndCheckOutUsingDirectBankTransfer" finished-at="2025-09-20T18:27:21 IST" duration-ms="13133" status="PASS">
          <reporter-output>
          </reporter-output>
        </test-method> <!-- loginAndCheckOutUsingDirectBankTransfer -->
        <test-method signature="guestCheckOutUsingDirectBankTransfer()[pri:0, instance:org.selenium.pom.tests.CheckOutTest@3ce443f9]" started-at="2025-09-20T18:27:08 IST" name="guestCheckOutUsingDirectBankTransfer" finished-at="2025-09-20T18:27:21 IST" duration-ms="12979" status="PASS">
          <reporter-output>
          </reporter-output>
        </test-method> <!-- guestCheckOutUsingDirectBankTransfer -->
        <test-method is-config="true" signature="quitDriver(java.lang.String,org.testng.ITestResult)[pri:0, instance:org.selenium.pom.tests.CheckOutTest@3ce443f9]" started-at="2025-09-20T18:27:21 IST" name="quitDriver" finished-at="2025-09-20T18:27:21 IST" duration-ms="70" status="PASS">
          <params>
            <param index="0">
              <value>
                <![CDATA[CHROME]]>
              </value>
            </param>
            <param index="1">
              <value>
                <![CDATA[[TestResult name=loginAndCheckOutUsingDirectBankTransfer status=SUCCESS method=CheckOutTest.loginAndCheckOutUsingDirectBankTransfer()[pri:0, instance:org.selenium.pom.tests.CheckOutTest@3ce443f9] output={null}]]]>
              </value>
            </param>
          </params>
          <reporter-output>
          </reporter-output>
        </test-method> <!-- quitDriver -->
        <test-method is-config="true" signature="quitDriver(java.lang.String,org.testng.ITestResult)[pri:0, instance:org.selenium.pom.tests.CheckOutTest@3ce443f9]" started-at="2025-09-20T18:27:21 IST" name="quitDriver" finished-at="2025-09-20T18:27:21 IST" duration-ms="70" status="PASS">
          <params>
            <param index="0">
              <value>
                <![CDATA[CHROME]]>
              </value>
            </param>
            <param index="1">
              <value>
                <![CDATA[[TestResult name=guestCheckOutUsingDirectBankTransfer status=SUCCESS method=CheckOutTest.guestCheckOutUsingDirectBankTransfer()[pri:0, instance:org.selenium.pom.tests.CheckOutTest@3ce443f9] output={null}]]]>
              </value>
            </param>
          </params>
          <reporter-output>
          </reporter-output>
        </test-method> <!-- quitDriver -->
      </class> <!-- org.selenium.pom.tests.CheckOutTest -->
    </test> <!-- Regression1 -->
  </suite> <!-- Suite1 -->
</testng-results>
