<?xml version="1.0" encoding="UTF-8"?>
<testsuite xmlns:xsi="http://www.w3.org/2001/XMLSchema-instance" xsi:noNamespaceSchemaLocation="https://maven.apache.org/surefire/maven-surefire-plugin/xsd/surefire-test-report-3.0.xsd" version="3.0" name="TestSuite" time="50.766" tests="2" errors="0" skipped="0" failures="0">
  <properties>
[...]
</properties>
  <testcase name="guestUserAndCheckoutUsingDirectBankTransfer" classname="org.selenium.pom.tests.MyFirstTestCase" time="29.513">
    <system-out><![CDATA[CURRENT THREAD 1 ,ChromeDriver: chrome on mac (2b92321d61be6d246450d41e53c3bd07)
Country Or State is not Present in DropDown 
Country Or State is not Present in DropDown 
Country Or State is not Present in DropDown 
Country Or State is not Present in DropDown 
Country Or State is not Present in DropDown 
Country Or State is not Present in DropDown 
Country Or State is not Present in DropDown 
Country Or State is not Present in DropDown 
Country Or State is not Present in DropDown 
Country Or State is not Present in DropDown 
Country Or State is not Present in DropDown 
Country Or State is not Present in DropDown 
Country Or State is not Present in DropDown 
Country Or State is not Present in DropDown 
Country Or State is not Present in DropDown 
Country Or State is not Present in DropDown 
Country Or State is not Present in DropDown 
Country Or State is not Present in DropDown 
Country Or State is not Present in DropDown 
Country Or State is not Present in DropDown 
Country Or State is not Present in DropDown 
Country Or State is not Present in DropDown 
Country Or State is not Present in DropDown 
Country Or State is not Present in DropDown 
Country Or State is not Present in DropDown 
Country Or State is not Present in DropDown 
Country Or State is not Present in DropDown 
Country Or State is not Present in DropDown 
Country Or State is not Present in DropDown 
Country Or State is not Present in DropDown 
Country Or State is not Present in DropDown 
Country Or State is not Present in DropDown 
Country Or State is not Present in DropDown 
Country Or State is not Present in DropDown 
Country Or State is not Present in DropDown 
Country Or State is not Present in DropDown 
Country Or State is not Present in DropDown 
Country Or State is not Present in DropDown 
Country Or State is not Present in DropDown 
Country Or State is not Present in DropDown 
Country Or State is not Present in DropDown 
Country Or State is not Present in DropDown 
Country Or State is not Present in DropDown 
Country Or State is not Present in DropDown 
Country Or State is not Present in DropDown 
Country Or State is not Present in DropDown 
Country Or State is not Present in DropDown 
Country Or State is not Present in DropDown 
Country Or State is not Present in DropDown 
Country Or State is not Present in DropDown 
Country Or State is not Present in DropDown 
Country Or State is not Present in DropDown 
Country Or State is not Present in DropDown 
Country Or State is not Present in DropDown 
Country Or State is not Present in DropDown 
Country Or State is not Present in DropDown 
Country Or State is not Present in DropDown 
Country Or State is not Present in DropDown 
Country Or State is not Present in DropDown 
Country Or State is not Present in DropDown 
Country Or State is not Present in DropDown 
Country Or State is not Present in DropDown 
Country Or State is not Present in DropDown 
Country Or State is not Present in DropDown 
Country Or State is not Present in DropDown 
Country Or State is not Present in DropDown 
Country Or State is not Present in DropDown 
Country Or State is not Present in DropDown 
Country Or State is not Present in DropDown 
Country Or State is not Present in DropDown 
Country Or State is not Present in DropDown 
Country Or State is not Present in DropDown 
Country Or State is not Present in DropDown 
Country Or State is not Present in DropDown 
Country Or State is not Present in DropDown 
Country Or State is not Present in DropDown 
Country Or State is not Present in DropDown 
Country Or State is not Present in DropDown 
Country Or State is not Present in DropDown 
Country Or State is not Present in DropDown 
Country Or State is not Present in DropDown 
Country Or State is not Present in DropDown 
Country Or State is not Present in DropDown 
Country Or State is not Present in DropDown 
Country Or State is not Present in DropDown 
Country Or State is not Present in DropDown 
Country Or State is not Present in DropDown 
Country Or State is not Present in DropDown 
Country Or State is not Present in DropDown 
Country Or State is not Present in DropDown 
Country Or State is not Present in DropDown 
Country Or State is not Present in DropDown 
Country Or State is not Present in DropDown 
Country Or State is not Present in DropDown 
Country Or State is not Present in DropDown 
Country Or State is not Present in DropDown 
Country Or State is not Present in DropDown 
Country Or State is not Present in DropDown 
Country Or State is not Present in DropDown 
Country Or State is not Present in DropDown 
Country Or State is not Present in DropDown 
Country Or State is not Present in DropDown 
Country Or State Present in DropDown and selected
Country Or State is not Present in DropDown 
Country Or State is not Present in DropDown 
Country Or State is not Present in DropDown 
Country Or State is not Present in DropDown 
Country Or State is not Present in DropDown 
Country Or State is not Present in DropDown 
Country Or State is not Present in DropDown 
Country Or State is not Present in DropDown 
Country Or State is not Present in DropDown 
Country Or State is not Present in DropDown 
Country Or State is not Present in DropDown 
Country Or State is not Present in DropDown 
Country Or State is not Present in DropDown 
Country Or State is not Present in DropDown 
Country Or State is not Present in DropDown 
Country Or State Present in DropDown and selected
Overlays Size2
Overlays is invisible 
]]></system-out>
    <system-err><![CDATA[SLF4J: Failed to load class "org.slf4j.impl.StaticLoggerBinder".
SLF4J: Defaulting to no-operation (NOP) logger implementation
SLF4J: See http://www.slf4j.org/codes.html#StaticLoggerBinder for further details.
Jun 03, 2024 4:15:36 PM org.openqa.selenium.devtools.CdpVersionFinder findNearestMatch
WARNING: Unable to find CDP implementation matching 125
Jun 03, 2024 4:15:36 PM org.openqa.selenium.chromium.ChromiumDriver lambda$new$5
WARNING: Unable to find version of CDP to use for 125.0.6422.113. You may need to include a dependency on a specific version of the CDP using something similar to `org.seleniumhq.selenium:selenium-devtools-v86:4.15.0` where the version ("v86") matches the version of the chromium-based browser you're using and the version number of the artifact is the same as Selenium's.
]]></system-err>
  </testcase>
  <testcase name="loginAndCheckoutUsingDirectBankTransfer" classname="org.selenium.pom.tests.MyFirstTestCase" time="14.351">
    <system-out><![CDATA[CURRENT THREAD 1 , ChromeDriver: chrome on mac (2b92321d61be6d246450d41e53c3bd07)
CURRENT THREAD 1 ,ChromeDriver: chrome on mac (8012d2493d372fe5cb7196df2e94608e)
Country Or State is not Present in DropDown 
Country Or State is not Present in DropDown 
Country Or State is not Present in DropDown 
Country Or State is not Present in DropDown 
Country Or State is not Present in DropDown 
Country Or State is not Present in DropDown 
Country Or State is not Present in DropDown 
Country Or State is not Present in DropDown 
Country Or State is not Present in DropDown 
Country Or State is not Present in DropDown 
Country Or State is not Present in DropDown 
Country Or State is not Present in DropDown 
Country Or State is not Present in DropDown 
Country Or State is not Present in DropDown 
Country Or State is not Present in DropDown 
Country Or State is not Present in DropDown 
Country Or State is not Present in DropDown 
Country Or State is not Present in DropDown 
Country Or State is not Present in DropDown 
Country Or State is not Present in DropDown 
Country Or State is not Present in DropDown 
Country Or State is not Present in DropDown 
Country Or State is not Present in DropDown 
Country Or State is not Present in DropDown 
Country Or State is not Present in DropDown 
Country Or State is not Present in DropDown 
Country Or State is not Present in DropDown 
Country Or State is not Present in DropDown 
Country Or State is not Present in DropDown 
Country Or State is not Present in DropDown 
Country Or State is not Present in DropDown 
Country Or State is not Present in DropDown 
Country Or State is not Present in DropDown 
Country Or State is not Present in DropDown 
Country Or State is not Present in DropDown 
Country Or State is not Present in DropDown 
Country Or State is not Present in DropDown 
Country Or State is not Present in DropDown 
Country Or State is not Present in DropDown 
Country Or State is not Present in DropDown 
Country Or State is not Present in DropDown 
Country Or State is not Present in DropDown 
Country Or State is not Present in DropDown 
Country Or State is not Present in DropDown 
Country Or State is not Present in DropDown 
Country Or State is not Present in DropDown 
Country Or State is not Present in DropDown 
Country Or State is not Present in DropDown 
Country Or State is not Present in DropDown 
Country Or State is not Present in DropDown 
Country Or State is not Present in DropDown 
Country Or State is not Present in DropDown 
Country Or State is not Present in DropDown 
Country Or State is not Present in DropDown 
Country Or State is not Present in DropDown 
Country Or State is not Present in DropDown 
Country Or State is not Present in DropDown 
Country Or State is not Present in DropDown 
Country Or State is not Present in DropDown 
Country Or State is not Present in DropDown 
Country Or State is not Present in DropDown 
Country Or State is not Present in DropDown 
Country Or State is not Present in DropDown 
Country Or State is not Present in DropDown 
Country Or State is not Present in DropDown 
Country Or State is not Present in DropDown 
Country Or State is not Present in DropDown 
Country Or State is not Present in DropDown 
Country Or State is not Present in DropDown 
Country Or State is not Present in DropDown 
Country Or State is not Present in DropDown 
Country Or State is not Present in DropDown 
Country Or State is not Present in DropDown 
Country Or State is not Present in DropDown 
Country Or State is not Present in DropDown 
Country Or State is not Present in DropDown 
Country Or State is not Present in DropDown 
Country Or State is not Present in DropDown 
Country Or State is not Present in DropDown 
Country Or State is not Present in DropDown 
Country Or State is not Present in DropDown 
Country Or State is not Present in DropDown 
Country Or State is not Present in DropDown 
Country Or State is not Present in DropDown 
Country Or State is not Present in DropDown 
Country Or State is not Present in DropDown 
Country Or State is not Present in DropDown 
Country Or State is not Present in DropDown 
Country Or State is not Present in DropDown 
Country Or State is not Present in DropDown 
Country Or State is not Present in DropDown 
Country Or State is not Present in DropDown 
Country Or State is not Present in DropDown 
Country Or State is not Present in DropDown 
Country Or State is not Present in DropDown 
Country Or State is not Present in DropDown 
Country Or State is not Present in DropDown 
Country Or State is not Present in DropDown 
Country Or State is not Present in DropDown 
Country Or State is not Present in DropDown 
Country Or State is not Present in DropDown 
Country Or State is not Present in DropDown 
Country Or State Present in DropDown and selected
Country Or State is not Present in DropDown 
Country Or State is not Present in DropDown 
Country Or State is not Present in DropDown 
Country Or State is not Present in DropDown 
Country Or State is not Present in DropDown 
Country Or State is not Present in DropDown 
Country Or State is not Present in DropDown 
Country Or State is not Present in DropDown 
Country Or State is not Present in DropDown 
Country Or State is not Present in DropDown 
Country Or State is not Present in DropDown 
Country Or State is not Present in DropDown 
Country Or State is not Present in DropDown 
Country Or State is not Present in DropDown 
Country Or State is not Present in DropDown 
Country Or State Present in DropDown and selected
Overlays Size2
Overlays is invisible 
]]></system-out>
    <system-err><![CDATA[Jun 03, 2024 4:16:07 PM org.openqa.selenium.devtools.CdpVersionFinder findNearestMatch
WARNING: Unable to find CDP implementation matching 125
Jun 03, 2024 4:16:07 PM org.openqa.selenium.chromium.ChromiumDriver lambda$new$5
WARNING: Unable to find version of CDP to use for 125.0.6422.113. You may need to include a dependency on a specific version of the CDP using something similar to `org.seleniumhq.selenium:selenium-devtools-v86:4.15.0` where the version ("v86") matches the version of the chromium-based browser you're using and the version number of the artifact is the same as Selenium's.
]]></system-err>
  </testcase>
</testsuite>