<?xml version="1.0" encoding="UTF-8"?>
<!-- Generated by org.testng.reporters.JUnitReportReporter -->
<testsuite hostname="Sunils-MacBook-Pro.local" failures="0" tests="5" name="org.selenium.pom.tests.AddToCartTest" time="52.565" errors="0" timestamp="2026-01-06T20:55:46 IST" skipped="0">
  <testcase classname="org.selenium.pom.tests.AddToCartTest" name="addToCartFeaturedProduct" time="8.370"/>
  <testcase classname="org.selenium.pom.tests.AddToCartTest" name="addToCartFromStorePage" time="13.937"/>
  <testcase classname="org.selenium.pom.tests.AddToCartTest" name="addToCartProductFromStore" time="8.237"/>
  <testcase classname="org.selenium.pom.tests.AddToCartTest" name="addToCartFeaturedProduct" time="8.229"/>
  <testcase classname="org.selenium.pom.tests.AddToCartTest" name="addToCartFeaturedProduct" time="13.792"/>
</testsuite> <!-- org.selenium.pom.tests.AddToCartTest -->
